12/02/2019 22:21:12 - INFO - root -   Loading model:
BertClassifier(bert_config_json=None, bert_model='bert-base-uncased',
        bert_vocab=None, do_lower_case=None, epochs=3, eval_batch_size=8,
        fp16=False, from_tf=False, gradient_accumulation_steps=1,
        ignore_label=None, label_list=None, learning_rate=2e-05,
        local_rank=-1, logfile='bert_sklearn.log', loss_scale=0,
        max_seq_length=64, num_mlp_hiddens=500, num_mlp_layers=0,
        random_state=42, restore_file=None, train_batch_size=16,
        use_cuda=True, validation_fraction=0.1, warmup_proportion=0.1)
12/02/2019 22:21:12 - INFO - bert_sklearn.model.pytorch_pretrained.file_utils -   https://s3.amazonaws.com/models.huggingface.co/bert/bert-base-uncased-vocab.txt not found in cache, downloading to /var/folders/66/f10h27ys3ld_f7znx05w36x80000gn/T/tmp42226oit
12/02/2019 22:21:13 - INFO - bert_sklearn.model.pytorch_pretrained.file_utils -   copying /var/folders/66/f10h27ys3ld_f7znx05w36x80000gn/T/tmp42226oit to cache at /Users/erinliao/.cache/torch/pytorch_pretrained_bert/26bc1ad6c0ac742e9b52263248f6d0f00068293b33709fae12320c0e35ccfbbb.542ce4285a40d23a559526243235df47c5f75c197f04f37d1a0c124c32c9a084
12/02/2019 22:21:13 - INFO - bert_sklearn.model.pytorch_pretrained.file_utils -   creating metadata file for /Users/erinliao/.cache/torch/pytorch_pretrained_bert/26bc1ad6c0ac742e9b52263248f6d0f00068293b33709fae12320c0e35ccfbbb.542ce4285a40d23a559526243235df47c5f75c197f04f37d1a0c124c32c9a084
12/02/2019 22:21:13 - INFO - bert_sklearn.model.pytorch_pretrained.file_utils -   removing temp file /var/folders/66/f10h27ys3ld_f7znx05w36x80000gn/T/tmp42226oit
12/02/2019 22:21:13 - INFO - bert_sklearn.model.pytorch_pretrained.tokenization -   loading vocabulary file https://s3.amazonaws.com/models.huggingface.co/bert/bert-base-uncased-vocab.txt from cache at /Users/erinliao/.cache/torch/pytorch_pretrained_bert/26bc1ad6c0ac742e9b52263248f6d0f00068293b33709fae12320c0e35ccfbbb.542ce4285a40d23a559526243235df47c5f75c197f04f37d1a0c124c32c9a084
12/02/2019 22:21:13 - INFO - bert_sklearn.model.pytorch_pretrained.file_utils -   https://s3.amazonaws.com/models.huggingface.co/bert/bert-base-uncased-pytorch_model.bin not found in cache, downloading to /var/folders/66/f10h27ys3ld_f7znx05w36x80000gn/T/tmp3ay5og46
12/07/2019 13:27:24 - INFO - root -   Loading model:
BertClassifier(bert_config_json=None, bert_model='bert-base-uncased',
        bert_vocab=None, do_lower_case=None, epochs=3, eval_batch_size=8,
        fp16=False, from_tf=False, gradient_accumulation_steps=1,
        ignore_label=None, label_list=None, learning_rate=2e-05,
        local_rank=-1, logfile='bert_sklearn.log', loss_scale=0,
        max_seq_length=64, num_mlp_hiddens=500, num_mlp_layers=0,
        random_state=42, restore_file=None, train_batch_size=16,
        use_cuda=True, validation_fraction=0.1, warmup_proportion=0.1)
12/07/2019 13:27:24 - INFO - bert_sklearn.model.pytorch_pretrained.tokenization -   loading vocabulary file https://s3.amazonaws.com/models.huggingface.co/bert/bert-base-uncased-vocab.txt from cache at /Users/erinliao/.cache/torch/pytorch_pretrained_bert/26bc1ad6c0ac742e9b52263248f6d0f00068293b33709fae12320c0e35ccfbbb.542ce4285a40d23a559526243235df47c5f75c197f04f37d1a0c124c32c9a084
12/07/2019 13:27:25 - INFO - bert_sklearn.model.pytorch_pretrained.file_utils -   https://s3.amazonaws.com/models.huggingface.co/bert/bert-base-uncased-pytorch_model.bin not found in cache, downloading to /var/folders/66/f10h27ys3ld_f7znx05w36x80000gn/T/tmpu1mt898u
12/07/2019 13:27:52 - INFO - bert_sklearn.model.pytorch_pretrained.file_utils -   copying /var/folders/66/f10h27ys3ld_f7znx05w36x80000gn/T/tmpu1mt898u to cache at /Users/erinliao/.cache/torch/pytorch_pretrained_bert/distributed_-1/aa1ef1aede4482d0dbcd4d52baad8ae300e60902e88fcb0bebdec09afd232066.36ca03ab34a1a5d5fa7bc3d03d55c4fa650fed07220e2eeebc06ce58d0e9a157
12/07/2019 13:27:53 - INFO - bert_sklearn.model.pytorch_pretrained.file_utils -   creating metadata file for /Users/erinliao/.cache/torch/pytorch_pretrained_bert/distributed_-1/aa1ef1aede4482d0dbcd4d52baad8ae300e60902e88fcb0bebdec09afd232066.36ca03ab34a1a5d5fa7bc3d03d55c4fa650fed07220e2eeebc06ce58d0e9a157
12/07/2019 13:27:53 - INFO - bert_sklearn.model.pytorch_pretrained.file_utils -   removing temp file /var/folders/66/f10h27ys3ld_f7znx05w36x80000gn/T/tmpu1mt898u
12/07/2019 13:27:53 - INFO - bert_sklearn.model.pytorch_pretrained.file_utils -   https://s3.amazonaws.com/models.huggingface.co/bert/bert-base-uncased-config.json not found in cache, downloading to /var/folders/66/f10h27ys3ld_f7znx05w36x80000gn/T/tmp2o9rb61g
12/07/2019 13:27:53 - INFO - bert_sklearn.model.pytorch_pretrained.file_utils -   copying /var/folders/66/f10h27ys3ld_f7znx05w36x80000gn/T/tmp2o9rb61g to cache at /Users/erinliao/.cache/torch/pytorch_pretrained_bert/distributed_-1/4dad0251492946e18ac39290fcfe91b89d370fee250efe9521476438fe8ca185.bf3b9ea126d8c0001ee8a1e8b92229871d06d36d8808208cc2449280da87785c
12/07/2019 13:27:53 - INFO - bert_sklearn.model.pytorch_pretrained.file_utils -   creating metadata file for /Users/erinliao/.cache/torch/pytorch_pretrained_bert/distributed_-1/4dad0251492946e18ac39290fcfe91b89d370fee250efe9521476438fe8ca185.bf3b9ea126d8c0001ee8a1e8b92229871d06d36d8808208cc2449280da87785c
12/07/2019 13:27:53 - INFO - bert_sklearn.model.pytorch_pretrained.file_utils -   removing temp file /var/folders/66/f10h27ys3ld_f7znx05w36x80000gn/T/tmp2o9rb61g
12/07/2019 13:27:53 - INFO - bert_sklearn.model.pytorch_pretrained.modeling -   loading weights file https://s3.amazonaws.com/models.huggingface.co/bert/bert-base-uncased-pytorch_model.bin from cache at /Users/erinliao/.cache/torch/pytorch_pretrained_bert/distributed_-1/aa1ef1aede4482d0dbcd4d52baad8ae300e60902e88fcb0bebdec09afd232066.36ca03ab34a1a5d5fa7bc3d03d55c4fa650fed07220e2eeebc06ce58d0e9a157
12/07/2019 13:27:53 - INFO - bert_sklearn.model.pytorch_pretrained.modeling -   loading configuration file https://s3.amazonaws.com/models.huggingface.co/bert/bert-base-uncased-config.json from cache at /Users/erinliao/.cache/torch/pytorch_pretrained_bert/distributed_-1/4dad0251492946e18ac39290fcfe91b89d370fee250efe9521476438fe8ca185.bf3b9ea126d8c0001ee8a1e8b92229871d06d36d8808208cc2449280da87785c
12/07/2019 13:27:53 - INFO - bert_sklearn.model.pytorch_pretrained.modeling -   Model config {
  "attention_probs_dropout_prob": 0.1,
  "hidden_act": "gelu",
  "hidden_dropout_prob": 0.1,
  "hidden_size": 768,
  "initializer_range": 0.02,
  "intermediate_size": 3072,
  "layer_norm_eps": 1e-12,
  "max_position_embeddings": 512,
  "num_attention_heads": 12,
  "num_hidden_layers": 12,
  "type_vocab_size": 2,
  "vocab_size": 30522
}

12/07/2019 13:27:56 - INFO - bert_sklearn.model.pytorch_pretrained.modeling -   Weights of BertPlusMLP not initialized from pretrained model: ['mlp.weight', 'mlp.bias']
12/07/2019 13:27:56 - INFO - bert_sklearn.model.pytorch_pretrained.modeling -   Weights from pretrained model not used in BertPlusMLP: ['cls.predictions.bias', 'cls.predictions.transform.dense.weight', 'cls.predictions.transform.dense.bias', 'cls.predictions.decoder.weight', 'cls.seq_relationship.weight', 'cls.seq_relationship.bias', 'cls.predictions.transform.LayerNorm.weight', 'cls.predictions.transform.LayerNorm.bias']
12/07/2019 13:27:56 - INFO - root -   train data size: 39, validation data size: 4
12/07/2019 13:27:56 - INFO - root -   Number of train optimization steps is : 9
12/07/2019 13:28:20 - INFO - root -   Epoch 1, Train loss: 2.0737, Val loss: 2.0071, Val accy: 0.00%
12/07/2019 13:28:44 - INFO - root -   Epoch 2, Train loss: 1.9340, Val loss: 2.0333, Val accy: 25.00%
12/07/2019 13:29:08 - INFO - root -   Epoch 3, Train loss: 1.9243, Val loss: 2.0914, Val accy: 25.00%
12/07/2019 13:29:08 - INFO - rasa.nlu.model -   Finished training component.
12/07/2019 13:29:15 - INFO - rasa.nlu.model -   Successfully saved model into '/var/folders/66/f10h27ys3ld_f7znx05w36x80000gn/T/tmpwtyszbib/nlu'
